<?xml version="1.0" encoding="UTF-8"?>
<robot generator="Robot 4.1.3 (Python 3.10.2 on win32)" generated="20220322 01:29:55.512" rpa="false" schemaversion="2">
<suite id="s1" name="Verify Add Dependent Suite" source="E:\CaptionProject_OrangeHRM\My_info_suite\verify_add_dependent_suite.robot">
<test id="s1-t1" name="TC1">
<kw name="Launch Browser" library="common_functionality" type="SETUP">
<if>
<branch type="IF" condition="'${BROWSER_NAME}'=='edge'">
<kw name="Set Local Variable" library="BuiltIn">
<arg>${driver_name}</arg>
<arg>msedgedriver.exe</arg>
<doc>Makes a variable available everywhere within the local scope.</doc>
<status status="NOT RUN" starttime="20220322 01:29:56.528" endtime="20220322 01:29:56.528"/>
</kw>
<status status="NOT RUN" starttime="20220322 01:29:56.528" endtime="20220322 01:29:56.528"/>
</branch>
<branch type="ELSE IF" condition="'${BROWSER_NAME}'== 'ff'">
<kw name="Set Local Variable" library="BuiltIn">
<arg>${driver_name}</arg>
<arg>geckodriver.exe</arg>
<doc>Makes a variable available everywhere within the local scope.</doc>
<status status="NOT RUN" starttime="20220322 01:29:56.528" endtime="20220322 01:29:56.528"/>
</kw>
<status status="NOT RUN" starttime="20220322 01:29:56.528" endtime="20220322 01:29:56.528"/>
</branch>
<branch type="ELSE">
<kw name="Set Local Variable" library="BuiltIn">
<arg>${driver_name}</arg>
<arg>chromedriver.exe</arg>
<doc>Makes a variable available everywhere within the local scope.</doc>
<msg timestamp="20220322 01:29:56.528" level="INFO">${driver_name} = chromedriver.exe</msg>
<status status="PASS" starttime="20220322 01:29:56.528" endtime="20220322 01:29:56.528"/>
</kw>
<status status="PASS" starttime="20220322 01:29:56.528" endtime="20220322 01:29:56.528"/>
</branch>
<status status="PASS" starttime="20220322 01:29:56.528" endtime="20220322 01:29:56.528"/>
</if>
<kw name="Open Browser" library="SeleniumLibrary">
<arg>browser=${BROWSER_NAME}</arg>
<arg>executable_path=${EXECDIR}${/}driver${/}${driver_name}</arg>
<doc>Opens a new browser instance to the optional ``url``.</doc>
<msg timestamp="20220322 01:29:56.528" level="INFO">Opening browser 'chrome' to base url 'None'.</msg>
<status status="PASS" starttime="20220322 01:29:56.528" endtime="20220322 01:29:58.954"/>
</kw>
<kw name="Maximize Browser Window" library="SeleniumLibrary">
<doc>Maximizes current browser window.</doc>
<status status="PASS" starttime="20220322 01:29:58.954" endtime="20220322 01:29:59.074"/>
</kw>
<kw name="Set Selenium Implicit Wait" library="SeleniumLibrary">
<arg>20s</arg>
<doc>Sets the implicit wait value used by Selenium.</doc>
<status status="PASS" starttime="20220322 01:29:59.074" endtime="20220322 01:29:59.074"/>
</kw>
<kw name="Set Screenshot Directory" library="SeleniumLibrary">
<arg>${EXECDIR}${/}screenshots</arg>
<doc>Sets the directory for captured screenshots.</doc>
<status status="PASS" starttime="20220322 01:29:59.074" endtime="20220322 01:29:59.074"/>
</kw>
<kw name="Go To" library="SeleniumLibrary">
<arg>url=${URL}</arg>
<doc>Navigates the current browser window to the provided ``url``.</doc>
<msg timestamp="20220322 01:29:59.090" level="INFO">Opening url 'https://opensource-demo.orangehrmlive.com/'</msg>
<status status="PASS" starttime="20220322 01:29:59.074" endtime="20220322 01:30:07.736"/>
</kw>
<kw name="Input Text" library="SeleniumLibrary">
<arg>id=txtUsername</arg>
<arg>${USER_NAME}</arg>
<doc>Types the given ``text`` into the text field identified by ``locator``.</doc>
<msg timestamp="20220322 01:30:07.737" level="INFO">Typing text 'Admin' into text field 'id=txtUsername'.</msg>
<status status="PASS" starttime="20220322 01:30:07.737" endtime="20220322 01:30:07.813"/>
</kw>
<kw name="Input Password" library="SeleniumLibrary">
<arg>id=txtPassword</arg>
<arg>${PASSWORD}</arg>
<doc>Types the given password into the text field identified by ``locator``.</doc>
<msg timestamp="20220322 01:30:07.813" level="INFO">Typing password into text field 'id=txtPassword'.</msg>
<msg timestamp="20220322 01:30:07.844" level="INFO">Temporally setting log level to: NONE</msg>
<msg timestamp="20220322 01:30:07.891" level="INFO">Log level changed from NONE to INFO.</msg>
<status status="PASS" starttime="20220322 01:30:07.813" endtime="20220322 01:30:07.891"/>
</kw>
<kw name="Click Element" library="SeleniumLibrary">
<arg>id=btnLogin</arg>
<doc>Click the element identified by ``locator``.</doc>
<msg timestamp="20220322 01:30:07.891" level="INFO">Clicking element 'id=btnLogin'.</msg>
<status status="PASS" starttime="20220322 01:30:07.891" endtime="20220322 01:30:29.531"/>
</kw>
<status status="PASS" starttime="20220322 01:29:56.528" endtime="20220322 01:30:29.532"/>
</kw>
<kw name="Verify Add Dependent Templ">
<arg>Yolo</arg>
<arg>other</arg>
<arg>sister</arg>
<arg>2022-03-10</arg>
<kw name="Click Element" library="SeleniumLibrary">
<arg>id=menu_pim_viewMyDetails</arg>
<doc>Click the element identified by ``locator``.</doc>
<msg timestamp="20220322 01:30:29.534" level="INFO">Clicking element 'id=menu_pim_viewMyDetails'.</msg>
<status status="PASS" starttime="20220322 01:30:29.533" endtime="20220322 01:30:31.887"/>
</kw>
<kw name="Click Element" library="SeleniumLibrary">
<arg>partial link=Dependents</arg>
<doc>Click the element identified by ``locator``.</doc>
<msg timestamp="20220322 01:30:31.887" level="INFO">Clicking element 'partial link=Dependents'.</msg>
<status status="PASS" starttime="20220322 01:30:31.887" endtime="20220322 01:30:34.147"/>
</kw>
<kw name="Press Keys" library="SeleniumLibrary">
<arg>id=btnAddDependent</arg>
<arg>ENTER</arg>
<doc>Simulates the user pressing key(s) to an element or on the active browser.</doc>
<msg timestamp="20220322 01:30:34.148" level="INFO">Sending key(s) ('ENTER',) to id=btnAddDependent element.</msg>
<msg timestamp="20220322 01:30:39.444" level="INFO">Pressing special key ENTER to element.</msg>
<msg timestamp="20220322 01:30:39.444" level="INFO">Releasing special key ENTER.</msg>
<status status="PASS" starttime="20220322 01:30:34.147" endtime="20220322 01:30:39.459"/>
</kw>
<kw name="Input Text" library="SeleniumLibrary">
<arg>id=dependent_name</arg>
<arg>${name}</arg>
<doc>Types the given ``text`` into the text field identified by ``locator``.</doc>
<msg timestamp="20220322 01:30:39.459" level="INFO">Typing text 'Yolo' into text field 'id=dependent_name'.</msg>
<status status="PASS" starttime="20220322 01:30:39.459" endtime="20220322 01:30:39.537"/>
</kw>
<kw name="Select From List By Value" library="SeleniumLibrary">
<arg>id=dependent_relationshipType</arg>
<arg>${relationship_type}</arg>
<doc>Selects options from selection list ``locator`` by ``values``.</doc>
<msg timestamp="20220322 01:30:39.537" level="INFO">Selecting options from selection list 'id=dependent_relationshipType' by value other.</msg>
<status status="PASS" starttime="20220322 01:30:39.537" endtime="20220322 01:30:39.599"/>
</kw>
<kw name="Run Keyword And Ignore Error" library="BuiltIn">
<arg>Input Text</arg>
<arg>id=dependent_relationship</arg>
<arg>${specify}</arg>
<doc>Runs the given keyword with the given arguments and ignores possible error.</doc>
<kw name="Input Text" library="SeleniumLibrary">
<arg>id=dependent_relationship</arg>
<arg>${specify}</arg>
<doc>Types the given ``text`` into the text field identified by ``locator``.</doc>
<msg timestamp="20220322 01:30:39.600" level="INFO">Typing text 'sister' into text field 'id=dependent_relationship'.</msg>
<status status="PASS" starttime="20220322 01:30:39.600" endtime="20220322 01:30:39.664"/>
</kw>
<status status="PASS" starttime="20220322 01:30:39.599" endtime="20220322 01:30:39.664"/>
</kw>
<kw name="Input Text" library="SeleniumLibrary">
<arg>id=dependent_dateOfBirth</arg>
<arg>${date_of_birth}</arg>
<doc>Types the given ``text`` into the text field identified by ``locator``.</doc>
<msg timestamp="20220322 01:30:39.664" level="INFO">Typing text '2022-03-10' into text field 'id=dependent_dateOfBirth'.</msg>
<status status="PASS" starttime="20220322 01:30:39.664" endtime="20220322 01:30:39.805"/>
</kw>
<kw name="Click Element" library="SeleniumLibrary">
<arg>id=btnSaveDependent</arg>
<doc>Click the element identified by ``locator``.</doc>
<msg timestamp="20220322 01:30:39.805" level="INFO">Clicking element 'id=btnSaveDependent'.</msg>
<status status="PASS" starttime="20220322 01:30:39.805" endtime="20220322 01:30:41.495"/>
</kw>
<kw name="Table Should Contain" library="SeleniumLibrary">
<arg>id=dependent_list</arg>
<arg>${name}</arg>
<doc>Verifies table contains text ``expected``.</doc>
<status status="PASS" starttime="20220322 01:30:41.495" endtime="20220322 01:30:41.703"/>
</kw>
<kw name="Table Should Contain" library="SeleniumLibrary">
<arg>id=dependent_list</arg>
<arg>${date_of_birth}</arg>
<doc>Verifies table contains text ``expected``.</doc>
<status status="PASS" starttime="20220322 01:30:41.703" endtime="20220322 01:30:41.859"/>
</kw>
<status status="PASS" starttime="20220322 01:30:29.533" endtime="20220322 01:30:41.859"/>
</kw>
<kw name="Close Browser" library="SeleniumLibrary" type="TEARDOWN">
<doc>Closes the current browser.</doc>
<status status="PASS" starttime="20220322 01:30:41.860" endtime="20220322 01:30:44.046"/>
</kw>
<status status="PASS" starttime="20220322 01:29:56.528" endtime="20220322 01:30:44.046"/>
</test>
<test id="s1-t2" name="TC1">
<kw name="Launch Browser" library="common_functionality" type="SETUP">
<if>
<branch type="IF" condition="'${BROWSER_NAME}'=='edge'">
<kw name="Set Local Variable" library="BuiltIn">
<arg>${driver_name}</arg>
<arg>msedgedriver.exe</arg>
<doc>Makes a variable available everywhere within the local scope.</doc>
<status status="NOT RUN" starttime="20220322 01:30:44.046" endtime="20220322 01:30:44.046"/>
</kw>
<status status="NOT RUN" starttime="20220322 01:30:44.046" endtime="20220322 01:30:44.046"/>
</branch>
<branch type="ELSE IF" condition="'${BROWSER_NAME}'== 'ff'">
<kw name="Set Local Variable" library="BuiltIn">
<arg>${driver_name}</arg>
<arg>geckodriver.exe</arg>
<doc>Makes a variable available everywhere within the local scope.</doc>
<status status="NOT RUN" starttime="20220322 01:30:44.046" endtime="20220322 01:30:44.046"/>
</kw>
<status status="NOT RUN" starttime="20220322 01:30:44.046" endtime="20220322 01:30:44.046"/>
</branch>
<branch type="ELSE">
<kw name="Set Local Variable" library="BuiltIn">
<arg>${driver_name}</arg>
<arg>chromedriver.exe</arg>
<doc>Makes a variable available everywhere within the local scope.</doc>
<msg timestamp="20220322 01:30:44.046" level="INFO">${driver_name} = chromedriver.exe</msg>
<status status="PASS" starttime="20220322 01:30:44.046" endtime="20220322 01:30:44.046"/>
</kw>
<status status="PASS" starttime="20220322 01:30:44.046" endtime="20220322 01:30:44.046"/>
</branch>
<status status="PASS" starttime="20220322 01:30:44.046" endtime="20220322 01:30:44.046"/>
</if>
<kw name="Open Browser" library="SeleniumLibrary">
<arg>browser=${BROWSER_NAME}</arg>
<arg>executable_path=${EXECDIR}${/}driver${/}${driver_name}</arg>
<doc>Opens a new browser instance to the optional ``url``.</doc>
<msg timestamp="20220322 01:30:44.061" level="INFO">Opening browser 'chrome' to base url 'None'.</msg>
<status status="PASS" starttime="20220322 01:30:44.046" endtime="20220322 01:30:46.511"/>
</kw>
<kw name="Maximize Browser Window" library="SeleniumLibrary">
<doc>Maximizes current browser window.</doc>
<status status="PASS" starttime="20220322 01:30:46.511" endtime="20220322 01:30:46.628"/>
</kw>
<kw name="Set Selenium Implicit Wait" library="SeleniumLibrary">
<arg>20s</arg>
<doc>Sets the implicit wait value used by Selenium.</doc>
<status status="PASS" starttime="20220322 01:30:46.628" endtime="20220322 01:30:46.628"/>
</kw>
<kw name="Set Screenshot Directory" library="SeleniumLibrary">
<arg>${EXECDIR}${/}screenshots</arg>
<doc>Sets the directory for captured screenshots.</doc>
<status status="PASS" starttime="20220322 01:30:46.628" endtime="20220322 01:30:46.628"/>
</kw>
<kw name="Go To" library="SeleniumLibrary">
<arg>url=${URL}</arg>
<doc>Navigates the current browser window to the provided ``url``.</doc>
<msg timestamp="20220322 01:30:46.628" level="INFO">Opening url 'https://opensource-demo.orangehrmlive.com/'</msg>
<status status="PASS" starttime="20220322 01:30:46.628" endtime="20220322 01:30:54.506"/>
</kw>
<kw name="Input Text" library="SeleniumLibrary">
<arg>id=txtUsername</arg>
<arg>${USER_NAME}</arg>
<doc>Types the given ``text`` into the text field identified by ``locator``.</doc>
<msg timestamp="20220322 01:30:54.507" level="INFO">Typing text 'Admin' into text field 'id=txtUsername'.</msg>
<status status="PASS" starttime="20220322 01:30:54.506" endtime="20220322 01:30:54.595"/>
</kw>
<kw name="Input Password" library="SeleniumLibrary">
<arg>id=txtPassword</arg>
<arg>${PASSWORD}</arg>
<doc>Types the given password into the text field identified by ``locator``.</doc>
<msg timestamp="20220322 01:30:54.595" level="INFO">Typing password into text field 'id=txtPassword'.</msg>
<msg timestamp="20220322 01:30:54.626" level="INFO">Temporally setting log level to: NONE</msg>
<msg timestamp="20220322 01:30:54.673" level="INFO">Log level changed from NONE to INFO.</msg>
<status status="PASS" starttime="20220322 01:30:54.595" endtime="20220322 01:30:54.673"/>
</kw>
<kw name="Click Element" library="SeleniumLibrary">
<arg>id=btnLogin</arg>
<doc>Click the element identified by ``locator``.</doc>
<msg timestamp="20220322 01:30:54.673" level="INFO">Clicking element 'id=btnLogin'.</msg>
<status status="PASS" starttime="20220322 01:30:54.673" endtime="20220322 01:31:16.317"/>
</kw>
<status status="PASS" starttime="20220322 01:30:44.046" endtime="20220322 01:31:16.317"/>
</kw>
<kw name="Verify Add Dependent Templ">
<arg>Shila</arg>
<arg>child</arg>
<arg>2022-10-03</arg>
<kw name="Click Element" library="SeleniumLibrary">
<arg>id=menu_pim_viewMyDetails</arg>
<doc>Click the element identified by ``locator``.</doc>
<msg timestamp="20220322 01:31:16.319" level="INFO">Clicking element 'id=menu_pim_viewMyDetails'.</msg>
<status status="PASS" starttime="20220322 01:31:16.319" endtime="20220322 01:31:19.679"/>
</kw>
<kw name="Click Element" library="SeleniumLibrary">
<arg>partial link=Dependents</arg>
<doc>Click the element identified by ``locator``.</doc>
<msg timestamp="20220322 01:31:19.679" level="INFO">Clicking element 'partial link=Dependents'.</msg>
<status status="PASS" starttime="20220322 01:31:19.679" endtime="20220322 01:31:21.579"/>
</kw>
<kw name="Press Keys" library="SeleniumLibrary">
<arg>id=btnAddDependent</arg>
<arg>ENTER</arg>
<doc>Simulates the user pressing key(s) to an element or on the active browser.</doc>
<msg timestamp="20220322 01:31:21.583" level="INFO">Sending key(s) ('ENTER',) to id=btnAddDependent element.</msg>
<msg timestamp="20220322 01:31:25.015" level="INFO">Pressing special key ENTER to element.</msg>
<msg timestamp="20220322 01:31:25.015" level="INFO">Releasing special key ENTER.</msg>
<status status="PASS" starttime="20220322 01:31:21.580" endtime="20220322 01:31:25.015"/>
</kw>
<kw name="Input Text" library="SeleniumLibrary">
<arg>id=dependent_name</arg>
<arg>${name}</arg>
<doc>Types the given ``text`` into the text field identified by ``locator``.</doc>
<msg timestamp="20220322 01:31:25.031" level="INFO">Typing text 'Shila' into text field 'id=dependent_name'.</msg>
<status status="PASS" starttime="20220322 01:31:25.015" endtime="20220322 01:31:25.109"/>
</kw>
<kw name="Select From List By Value" library="SeleniumLibrary">
<arg>id=dependent_relationshipType</arg>
<arg>${relationship_type}</arg>
<doc>Selects options from selection list ``locator`` by ``values``.</doc>
<msg timestamp="20220322 01:31:25.109" level="INFO">Selecting options from selection list 'id=dependent_relationshipType' by value child.</msg>
<status status="PASS" starttime="20220322 01:31:25.109" endtime="20220322 01:31:25.179"/>
</kw>
<kw name="Run Keyword And Ignore Error" library="BuiltIn">
<arg>Input Text</arg>
<arg>id=dependent_relationship</arg>
<arg>${specify}</arg>
<doc>Runs the given keyword with the given arguments and ignores possible error.</doc>
<kw name="Input Text" library="SeleniumLibrary">
<arg>id=dependent_relationship</arg>
<arg>${specify}</arg>
<doc>Types the given ``text`` into the text field identified by ``locator``.</doc>
<msg timestamp="20220322 01:31:25.180" level="INFO">Typing text '' into text field 'id=dependent_relationship'.</msg>
<msg timestamp="20220322 01:31:45.384" level="INFO" html="true">&lt;/td&gt;&lt;/tr&gt;&lt;tr&gt;&lt;td colspan="3"&gt;&lt;a href="screenshots/selenium-screenshot-8.png"&gt;&lt;img src="screenshots/selenium-screenshot-8.png" width="800px"&gt;&lt;/a&gt;</msg>
<msg timestamp="20220322 01:31:45.489" level="FAIL">ElementNotInteractableException: Message: element not interactable
  (Session info: chrome=99.0.4844.74)
</msg>
<status status="FAIL" starttime="20220322 01:31:25.180" endtime="20220322 01:31:45.489"/>
</kw>
<status status="PASS" starttime="20220322 01:31:25.180" endtime="20220322 01:31:45.489"/>
</kw>
<kw name="Input Text" library="SeleniumLibrary">
<arg>id=dependent_dateOfBirth</arg>
<arg>${date_of_birth}</arg>
<doc>Types the given ``text`` into the text field identified by ``locator``.</doc>
<msg timestamp="20220322 01:31:45.492" level="INFO">Typing text '2022-10-03' into text field 'id=dependent_dateOfBirth'.</msg>
<status status="PASS" starttime="20220322 01:31:45.490" endtime="20220322 01:31:45.655"/>
</kw>
<kw name="Click Element" library="SeleniumLibrary">
<arg>id=btnSaveDependent</arg>
<doc>Click the element identified by ``locator``.</doc>
<msg timestamp="20220322 01:31:45.655" level="INFO">Clicking element 'id=btnSaveDependent'.</msg>
<status status="PASS" starttime="20220322 01:31:45.655" endtime="20220322 01:31:47.711"/>
</kw>
<kw name="Table Should Contain" library="SeleniumLibrary">
<arg>id=dependent_list</arg>
<arg>${name}</arg>
<doc>Verifies table contains text ``expected``.</doc>
<status status="PASS" starttime="20220322 01:31:47.711" endtime="20220322 01:31:47.901"/>
</kw>
<kw name="Table Should Contain" library="SeleniumLibrary">
<arg>id=dependent_list</arg>
<arg>${date_of_birth}</arg>
<doc>Verifies table contains text ``expected``.</doc>
<status status="PASS" starttime="20220322 01:31:47.901" endtime="20220322 01:31:48.060"/>
</kw>
<status status="PASS" starttime="20220322 01:31:16.318" endtime="20220322 01:31:48.060"/>
</kw>
<kw name="Close Browser" library="SeleniumLibrary" type="TEARDOWN">
<doc>Closes the current browser.</doc>
<status status="PASS" starttime="20220322 01:31:48.061" endtime="20220322 01:31:50.234"/>
</kw>
<status status="PASS" starttime="20220322 01:30:44.046" endtime="20220322 01:31:50.234"/>
</test>
<doc>This suite handles test case related to My Info Immigration</doc>
<status status="PASS" starttime="20220322 01:29:55.528" endtime="20220322 01:31:50.234"/>
</suite>
<statistics>
<total>
<stat pass="2" fail="0" skip="0">All Tests</stat>
</total>
<tag>
</tag>
<suite>
<stat pass="2" fail="0" skip="0" id="s1" name="Verify Add Dependent Suite">Verify Add Dependent Suite</stat>
</suite>
</statistics>
<errors>
<msg timestamp="20220322 01:30:44.046" level="WARN">Multiple test cases with name 'TC1' executed in test suite 'Verify Add Dependent Suite'.</msg>
</errors>
</robot>
